Performing C SOURCE FILE Test CMAKE_HAVE_LIBC_PTHREAD failed with the following output:
Change Dir: /root/star/inference/inference_frame/build/CMakeFiles/CMakeScratch/TryCompile-VaBYDO

Run Build Command(s):/usr/bin/make -f Makefile cmTC_bd470/fast && /usr/bin/make  -f CMakeFiles/cmTC_bd470.dir/build.make CMakeFiles/cmTC_bd470.dir/build
make[1]: Entering directory '/root/star/inference/inference_frame/build/CMakeFiles/CMakeScratch/TryCompile-VaBYDO'
Building C object CMakeFiles/cmTC_bd470.dir/src.c.o
/usr/bin/cc -DCMAKE_HAVE_LIBC_PTHREAD   -o CMakeFiles/cmTC_bd470.dir/src.c.o -c /root/star/inference/inference_frame/build/CMakeFiles/CMakeScratch/TryCompile-VaBYDO/src.c
Linking C executable cmTC_bd470
/usr/local/bin/cmake -E cmake_link_script CMakeFiles/cmTC_bd470.dir/link.txt --verbose=1
/usr/bin/cc CMakeFiles/cmTC_bd470.dir/src.c.o -o cmTC_bd470 
/usr/bin/ld: CMakeFiles/cmTC_bd470.dir/src.c.o: in function `main':
src.c:(.text+0x46): undefined reference to `pthread_create'
/usr/bin/ld: src.c:(.text+0x52): undefined reference to `pthread_detach'
/usr/bin/ld: src.c:(.text+0x5e): undefined reference to `pthread_cancel'
/usr/bin/ld: src.c:(.text+0x6f): undefined reference to `pthread_join'
collect2: error: ld returned 1 exit status
make[1]: *** [CMakeFiles/cmTC_bd470.dir/build.make:99: cmTC_bd470] Error 1
make[1]: Leaving directory '/root/star/inference/inference_frame/build/CMakeFiles/CMakeScratch/TryCompile-VaBYDO'
make: *** [Makefile:127: cmTC_bd470/fast] Error 2


Source file was:
#include <pthread.h>

static void* test_func(void* data)
{
  return data;
}

int main(void)
{
  pthread_t thread;
  pthread_create(&thread, NULL, test_func, NULL);
  pthread_detach(thread);
  pthread_cancel(thread);
  pthread_join(thread, NULL);
  pthread_atfork(NULL, NULL, NULL);
  pthread_exit(NULL);

  return 0;
}


Determining if the function pthread_create exists in the pthreads failed with the following output:
Change Dir: /root/star/inference/inference_frame/build/CMakeFiles/CMakeScratch/TryCompile-cbIxNM

Run Build Command(s):/usr/bin/make -f Makefile cmTC_47e72/fast && /usr/bin/make  -f CMakeFiles/cmTC_47e72.dir/build.make CMakeFiles/cmTC_47e72.dir/build
make[1]: Entering directory '/root/star/inference/inference_frame/build/CMakeFiles/CMakeScratch/TryCompile-cbIxNM'
Building C object CMakeFiles/cmTC_47e72.dir/CheckFunctionExists.c.o
/usr/bin/cc   -DCHECK_FUNCTION_EXISTS=pthread_create -o CMakeFiles/cmTC_47e72.dir/CheckFunctionExists.c.o -c /root/star/inference/inference_frame/build/CMakeFiles/CMakeScratch/TryCompile-cbIxNM/CheckFunctionExists.c
Linking C executable cmTC_47e72
/usr/local/bin/cmake -E cmake_link_script CMakeFiles/cmTC_47e72.dir/link.txt --verbose=1
/usr/bin/cc  -DCHECK_FUNCTION_EXISTS=pthread_create CMakeFiles/cmTC_47e72.dir/CheckFunctionExists.c.o -o cmTC_47e72  -lpthreads 
/usr/bin/ld: cannot find -lpthreads
collect2: error: ld returned 1 exit status
make[1]: *** [CMakeFiles/cmTC_47e72.dir/build.make:99: cmTC_47e72] Error 1
make[1]: Leaving directory '/root/star/inference/inference_frame/build/CMakeFiles/CMakeScratch/TryCompile-cbIxNM'
make: *** [Makefile:127: cmTC_47e72/fast] Error 2



Performing C SOURCE FILE Test CMAKE_HAVE_LIBC_PTHREAD failed with the following output:
Change Dir: /root/star/inference/inference_frame/build/CMakeFiles/CMakeScratch/TryCompile-5Rf4Mb

Run Build Command(s):/usr/bin/make -f Makefile cmTC_7b565/fast && /usr/bin/make  -f CMakeFiles/cmTC_7b565.dir/build.make CMakeFiles/cmTC_7b565.dir/build
make[1]: Entering directory '/root/star/inference/inference_frame/build/CMakeFiles/CMakeScratch/TryCompile-5Rf4Mb'
Building C object CMakeFiles/cmTC_7b565.dir/src.c.o
/usr/bin/cc -DCMAKE_HAVE_LIBC_PTHREAD   -o CMakeFiles/cmTC_7b565.dir/src.c.o -c /root/star/inference/inference_frame/build/CMakeFiles/CMakeScratch/TryCompile-5Rf4Mb/src.c
Linking C executable cmTC_7b565
/usr/local/bin/cmake -E cmake_link_script CMakeFiles/cmTC_7b565.dir/link.txt --verbose=1
/usr/bin/cc CMakeFiles/cmTC_7b565.dir/src.c.o -o cmTC_7b565 
/usr/bin/ld: CMakeFiles/cmTC_7b565.dir/src.c.o: in function `main':
src.c:(.text+0x46): undefined reference to `pthread_create'
/usr/bin/ld: src.c:(.text+0x52): undefined reference to `pthread_detach'
/usr/bin/ld: src.c:(.text+0x5e): undefined reference to `pthread_cancel'
/usr/bin/ld: src.c:(.text+0x6f): undefined reference to `pthread_join'
collect2: error: ld returned 1 exit status
make[1]: *** [CMakeFiles/cmTC_7b565.dir/build.make:99: cmTC_7b565] Error 1
make[1]: Leaving directory '/root/star/inference/inference_frame/build/CMakeFiles/CMakeScratch/TryCompile-5Rf4Mb'
make: *** [Makefile:127: cmTC_7b565/fast] Error 2


Source file was:
#include <pthread.h>

static void* test_func(void* data)
{
  return data;
}

int main(void)
{
  pthread_t thread;
  pthread_create(&thread, NULL, test_func, NULL);
  pthread_detach(thread);
  pthread_cancel(thread);
  pthread_join(thread, NULL);
  pthread_atfork(NULL, NULL, NULL);
  pthread_exit(NULL);

  return 0;
}


Determining if the function pthread_create exists in the pthreads failed with the following output:
Change Dir: /root/star/inference/inference_frame/build/CMakeFiles/CMakeScratch/TryCompile-Mn92wd

Run Build Command(s):/usr/bin/make -f Makefile cmTC_f2567/fast && /usr/bin/make  -f CMakeFiles/cmTC_f2567.dir/build.make CMakeFiles/cmTC_f2567.dir/build
make[1]: Entering directory '/root/star/inference/inference_frame/build/CMakeFiles/CMakeScratch/TryCompile-Mn92wd'
Building C object CMakeFiles/cmTC_f2567.dir/CheckFunctionExists.c.o
/usr/bin/cc   -DCHECK_FUNCTION_EXISTS=pthread_create -o CMakeFiles/cmTC_f2567.dir/CheckFunctionExists.c.o -c /root/star/inference/inference_frame/build/CMakeFiles/CMakeScratch/TryCompile-Mn92wd/CheckFunctionExists.c
Linking C executable cmTC_f2567
/usr/local/bin/cmake -E cmake_link_script CMakeFiles/cmTC_f2567.dir/link.txt --verbose=1
/usr/bin/cc  -DCHECK_FUNCTION_EXISTS=pthread_create CMakeFiles/cmTC_f2567.dir/CheckFunctionExists.c.o -o cmTC_f2567  -lpthreads 
/usr/bin/ld: cannot find -lpthreads
collect2: error: ld returned 1 exit status
make[1]: *** [CMakeFiles/cmTC_f2567.dir/build.make:99: cmTC_f2567] Error 1
make[1]: Leaving directory '/root/star/inference/inference_frame/build/CMakeFiles/CMakeScratch/TryCompile-Mn92wd'
make: *** [Makefile:127: cmTC_f2567/fast] Error 2



Performing C SOURCE FILE Test CMAKE_HAVE_LIBC_PTHREAD failed with the following output:
Change Dir: /root/star/inference/inference_frame/build/CMakeFiles/CMakeScratch/TryCompile-rLfC5a

Run Build Command(s):/usr/bin/make -f Makefile cmTC_050bf/fast && /usr/bin/make  -f CMakeFiles/cmTC_050bf.dir/build.make CMakeFiles/cmTC_050bf.dir/build
make[1]: Entering directory '/root/star/inference/inference_frame/build/CMakeFiles/CMakeScratch/TryCompile-rLfC5a'
Building C object CMakeFiles/cmTC_050bf.dir/src.c.o
/usr/bin/cc -DCMAKE_HAVE_LIBC_PTHREAD   -o CMakeFiles/cmTC_050bf.dir/src.c.o -c /root/star/inference/inference_frame/build/CMakeFiles/CMakeScratch/TryCompile-rLfC5a/src.c
Linking C executable cmTC_050bf
/usr/local/bin/cmake -E cmake_link_script CMakeFiles/cmTC_050bf.dir/link.txt --verbose=1
/usr/bin/cc CMakeFiles/cmTC_050bf.dir/src.c.o -o cmTC_050bf 
/usr/bin/ld: CMakeFiles/cmTC_050bf.dir/src.c.o: in function `main':
src.c:(.text+0x46): undefined reference to `pthread_create'
/usr/bin/ld: src.c:(.text+0x52): undefined reference to `pthread_detach'
/usr/bin/ld: src.c:(.text+0x5e): undefined reference to `pthread_cancel'
/usr/bin/ld: src.c:(.text+0x6f): undefined reference to `pthread_join'
collect2: error: ld returned 1 exit status
make[1]: *** [CMakeFiles/cmTC_050bf.dir/build.make:99: cmTC_050bf] Error 1
make[1]: Leaving directory '/root/star/inference/inference_frame/build/CMakeFiles/CMakeScratch/TryCompile-rLfC5a'
make: *** [Makefile:127: cmTC_050bf/fast] Error 2


Source file was:
#include <pthread.h>

static void* test_func(void* data)
{
  return data;
}

int main(void)
{
  pthread_t thread;
  pthread_create(&thread, NULL, test_func, NULL);
  pthread_detach(thread);
  pthread_cancel(thread);
  pthread_join(thread, NULL);
  pthread_atfork(NULL, NULL, NULL);
  pthread_exit(NULL);

  return 0;
}


Determining if the function pthread_create exists in the pthreads failed with the following output:
Change Dir: /root/star/inference/inference_frame/build/CMakeFiles/CMakeScratch/TryCompile-wRvD77

Run Build Command(s):/usr/bin/make -f Makefile cmTC_e27c1/fast && /usr/bin/make  -f CMakeFiles/cmTC_e27c1.dir/build.make CMakeFiles/cmTC_e27c1.dir/build
make[1]: Entering directory '/root/star/inference/inference_frame/build/CMakeFiles/CMakeScratch/TryCompile-wRvD77'
Building C object CMakeFiles/cmTC_e27c1.dir/CheckFunctionExists.c.o
/usr/bin/cc   -DCHECK_FUNCTION_EXISTS=pthread_create -o CMakeFiles/cmTC_e27c1.dir/CheckFunctionExists.c.o -c /root/star/inference/inference_frame/build/CMakeFiles/CMakeScratch/TryCompile-wRvD77/CheckFunctionExists.c
Linking C executable cmTC_e27c1
/usr/local/bin/cmake -E cmake_link_script CMakeFiles/cmTC_e27c1.dir/link.txt --verbose=1
/usr/bin/cc  -DCHECK_FUNCTION_EXISTS=pthread_create CMakeFiles/cmTC_e27c1.dir/CheckFunctionExists.c.o -o cmTC_e27c1  -lpthreads 
/usr/bin/ld: cannot find -lpthreads
collect2: error: ld returned 1 exit status
make[1]: *** [CMakeFiles/cmTC_e27c1.dir/build.make:99: cmTC_e27c1] Error 1
make[1]: Leaving directory '/root/star/inference/inference_frame/build/CMakeFiles/CMakeScratch/TryCompile-wRvD77'
make: *** [Makefile:127: cmTC_e27c1/fast] Error 2



Performing C SOURCE FILE Test CMAKE_HAVE_LIBC_PTHREAD failed with the following output:
Change Dir: /root/star/inference/inference_frame/build/CMakeFiles/CMakeScratch/TryCompile-ljupFe

Run Build Command(s):/usr/bin/make -f Makefile cmTC_e94f5/fast && /usr/bin/make  -f CMakeFiles/cmTC_e94f5.dir/build.make CMakeFiles/cmTC_e94f5.dir/build
make[1]: Entering directory '/root/star/inference/inference_frame/build/CMakeFiles/CMakeScratch/TryCompile-ljupFe'
Building C object CMakeFiles/cmTC_e94f5.dir/src.c.o
/usr/bin/cc -DCMAKE_HAVE_LIBC_PTHREAD   -o CMakeFiles/cmTC_e94f5.dir/src.c.o -c /root/star/inference/inference_frame/build/CMakeFiles/CMakeScratch/TryCompile-ljupFe/src.c
Linking C executable cmTC_e94f5
/usr/local/bin/cmake -E cmake_link_script CMakeFiles/cmTC_e94f5.dir/link.txt --verbose=1
/usr/bin/cc CMakeFiles/cmTC_e94f5.dir/src.c.o -o cmTC_e94f5 
/usr/bin/ld: CMakeFiles/cmTC_e94f5.dir/src.c.o: in function `main':
src.c:(.text+0x46): undefined reference to `pthread_create'
/usr/bin/ld: src.c:(.text+0x52): undefined reference to `pthread_detach'
/usr/bin/ld: src.c:(.text+0x5e): undefined reference to `pthread_cancel'
/usr/bin/ld: src.c:(.text+0x6f): undefined reference to `pthread_join'
collect2: error: ld returned 1 exit status
make[1]: *** [CMakeFiles/cmTC_e94f5.dir/build.make:99: cmTC_e94f5] Error 1
make[1]: Leaving directory '/root/star/inference/inference_frame/build/CMakeFiles/CMakeScratch/TryCompile-ljupFe'
make: *** [Makefile:127: cmTC_e94f5/fast] Error 2


Source file was:
#include <pthread.h>

static void* test_func(void* data)
{
  return data;
}

int main(void)
{
  pthread_t thread;
  pthread_create(&thread, NULL, test_func, NULL);
  pthread_detach(thread);
  pthread_cancel(thread);
  pthread_join(thread, NULL);
  pthread_atfork(NULL, NULL, NULL);
  pthread_exit(NULL);

  return 0;
}


Determining if the function pthread_create exists in the pthreads failed with the following output:
Change Dir: /root/star/inference/inference_frame/build/CMakeFiles/CMakeScratch/TryCompile-FEMkDg

Run Build Command(s):/usr/bin/make -f Makefile cmTC_814b0/fast && /usr/bin/make  -f CMakeFiles/cmTC_814b0.dir/build.make CMakeFiles/cmTC_814b0.dir/build
make[1]: Entering directory '/root/star/inference/inference_frame/build/CMakeFiles/CMakeScratch/TryCompile-FEMkDg'
Building C object CMakeFiles/cmTC_814b0.dir/CheckFunctionExists.c.o
/usr/bin/cc   -DCHECK_FUNCTION_EXISTS=pthread_create -o CMakeFiles/cmTC_814b0.dir/CheckFunctionExists.c.o -c /root/star/inference/inference_frame/build/CMakeFiles/CMakeScratch/TryCompile-FEMkDg/CheckFunctionExists.c
Linking C executable cmTC_814b0
/usr/local/bin/cmake -E cmake_link_script CMakeFiles/cmTC_814b0.dir/link.txt --verbose=1
/usr/bin/cc  -DCHECK_FUNCTION_EXISTS=pthread_create CMakeFiles/cmTC_814b0.dir/CheckFunctionExists.c.o -o cmTC_814b0  -lpthreads 
/usr/bin/ld: cannot find -lpthreads
collect2: error: ld returned 1 exit status
make[1]: *** [CMakeFiles/cmTC_814b0.dir/build.make:99: cmTC_814b0] Error 1
make[1]: Leaving directory '/root/star/inference/inference_frame/build/CMakeFiles/CMakeScratch/TryCompile-FEMkDg'
make: *** [Makefile:127: cmTC_814b0/fast] Error 2



